<?xml version="1.0" encoding="UTF-8"?>
<testsuite name="com.itjcloud.common.loadbalancer.core.ploy.RoutingPolicyByVersionTest" tests="1" skipped="0" failures="0" errors="0" timestamp="2022-08-23T09:36:00" hostname="PC" time="0.016">
  <properties/>
  <testcase name="filtered()" classname="com.itjcloud.common.loadbalancer.core.ploy.RoutingPolicyByVersionTest" time="0.016"/>
  <system-out><![CDATA[[111111]
]]></system-out>
  <system-err><![CDATA[]]></system-err>
</testsuite>
